nohup: ignoring input
2026-07-09 06:54:29,967 - __main__ - INFO - Initializing Trading Bot...
2026-07-09 06:54:29,984 - __main__ - INFO - Config loaded.
2026-07-09 06:54:29,984 - __main__ - INFO - Trading Bot initialized. Symbols: ['DOGEUSDT', 'BTCUSDT']
2026-07-09 06:54:29,984 - __main__ - INFO - Starting Trading Bot loop...
2026-07-09 06:54:29,984 - src.data.feed - INFO - Initializing Binance Futures client...
2026-07-09 06:54:30,156 - src.data.feed - INFO - Binance client initialized (testnet=True)
2026-07-09 06:54:30,156 - src.data.feed - INFO - Preloading market data...
2026-07-09 06:54:30,386 - src.data.feed - INFO - Loaded data for DOGEUSDT: price=0.07291
2026-07-09 06:54:30,615 - src.data.feed - INFO - Loaded data for BTCUSDT: price=62850.0
2026-07-09 06:54:30,615 - src.data.feed - INFO - Binance Futures feed started
2026-07-09 06:54:30,615 - src.data.feed - INFO - Starting WebSocket streams (aiohttp)...
2026-07-09 06:54:30,615 - src.data.feed - INFO - WebSocket tasks created for 2 symbols.
2026-07-09 06:54:30,870 - src.data.feed - INFO - [DataFeed] Initial price for DOGEUSDT: 0.07287
2026-07-09 06:54:30,870 - __main__ - INFO - Initialized DOGEUSDT with price 0.07287
2026-07-09 06:54:30,906 - src.data.feed - INFO - Connected to orderbook WS for BTCUSDT
2026-07-09 06:54:30,907 - src.data.feed - INFO - Connected to trades WS for BTCUSDT
2026-07-09 06:54:30,907 - src.data.feed - INFO - Connected to orderbook WS for DOGEUSDT
2026-07-09 06:54:30,909 - src.data.feed - INFO - Connected to trades WS for DOGEUSDT
2026-07-09 06:54:30,942 - src.data.feed - INFO - [DataFeed] Initial price for BTCUSDT: 62800.7
2026-07-09 06:54:30,942 - __main__ - INFO - Initialized BTCUSDT with price 62800.7
2026-07-09 06:54:30,942 - src.logic.scenario_writer - INFO - Генерация сценариев для DOGEUSDT. Тренд: NEUTRAL, Сила: 0.50
2026-07-09 06:54:30,942 - src.logic.scenario_writer - INFO - Генерация сценариев для DOGEUSDT. Тренд: NEUTRAL, Сила: 0.50
2026-07-09 06:54:31,943 - src.logic.scenario_writer - INFO - Генерация сценариев для DOGEUSDT. Тренд: NEUTRAL, Сила: 0.50
2026-07-09 06:54:31,943 - src.logic.scenario_writer - INFO - Генерация сценариев для DOGEUSDT. Тренд: NEUTRAL, Сила: 0.50
2026-07-09 06:54:32,944 - src.logic.scenario_writer - INFO - Генерация сценариев для DOGEUSDT. Тренд: NEUTRAL, Сила: 0.50
2026-07-09 06:54:32,944 - src.logic.scenario_writer - INFO - Генерация сценариев для DOGEUSDT. Тренд: NEUTRAL, Сила: 0.50
2026-07-09 06:54:33,945 - src.logic.scenario_writer - INFO - Генерация сценариев для DOGEUSDT. Тренд: NEUTRAL, Сила: 0.50
2026-07-09 06:54:33,945 - src.logic.scenario_writer - INFO - Генерация сценариев для DOGEUSDT. Тренд: NEUTRAL, Сила: 0.50
2026-07-09 06:54:34,946 - src.logic.scenario_writer - INFO - Генерация сценариев для DOGEUSDT. Тренд: NEUTRAL, Сила: 0.50
2026-07-09 06:54:34,946 - src.logic.scenario_writer - INFO - Генерация сценариев для DOGEUSDT. Тренд: NEUTRAL, Сила: 0.50
2026-07-09 06:54:35,947 - src.logic.scenario_writer - INFO - Генерация сценариев для DOGEUSDT. Тренд: NEUTRAL, Сила: 0.50
2026-07-09 06:54:35,947 - src.logic.scenario_writer - INFO - Генерация сценариев для DOGEUSDT. Тренд: NEUTRAL, Сила: 0.50
2026-07-09 06:54:36,948 - src.logic.scenario_writer - INFO - Генерация сценариев для DOGEUSDT. Тренд: NEUTRAL, Сила: 0.50
2026-07-09 06:54:36,948 - src.logic.scenario_writer - INFO - Генерация сценариев для DOGEUSDT. Тренд: NEUTRAL, Сила: 0.50
2026-07-09 06:54:37,948 - src.logic.scenario_writer - INFO - Генерация сценариев для DOGEUSDT. Тренд: NEUTRAL, Сила: 0.50
2026-07-09 06:54:37,949 - src.logic.scenario_writer - INFO - Генерация сценариев для DOGEUSDT. Тренд: NEUTRAL, Сила: 0.50
2026-07-09 06:54:38,950 - src.logic.scenario_writer - INFO - Генерация сценариев для DOGEUSDT. Тренд: NEUTRAL, Сила: 0.50
2026-07-09 06:54:38,950 - src.logic.scenario_writer - INFO - Генерация сценариев для DOGEUSDT. Тренд: NEUTRAL, Сила: 0.50
2026-07-09 06:54:39,950 - src.logic.scenario_writer - INFO - Генерация сценариев для DOGEUSDT. Тренд: NEUTRAL, Сила: 0.50
2026-07-09 06:54:39,950 - src.logic.scenario_writer - INFO - Генерация сценариев для DOGEUSDT. Тренд: NEUTRAL, Сила: 0.50
2026-07-09 06:54:40,951 - src.logic.scenario_writer - INFO - Генерация сценариев для DOGEUSDT. Тренд: NEUTRAL, Сила: 0.50
2026-07-09 06:54:40,951 - src.logic.scenario_writer - INFO - Генерация сценариев для DOGEUSDT. Тренд: NEUTRAL, Сила: 0.50
2026-07-09 06:54:41,952 - src.logic.scenario_writer - INFO - Генерация сценариев для DOGEUSDT. Тренд: NEUTRAL, Сила: 0.50
2026-07-09 06:54:41,952 - src.logic.scenario_writer - INFO - Генерация сценариев для DOGEUSDT. Тренд: NEUTRAL, Сила: 0.50
2026-07-09 06:54:42,953 - src.logic.scenario_writer - INFO - Генерация сценариев для DOGEUSDT. Тренд: NEUTRAL, Сила: 0.50
2026-07-09 06:54:42,953 - src.logic.scenario_writer - INFO - Генерация сценариев для DOGEUSDT. Тренд: NEUTRAL, Сила: 0.50
2026-07-09 06:54:43,954 - src.logic.scenario_writer - INFO - Генерация сценариев для DOGEUSDT. Тренд: NEUTRAL, Сила: 0.50
2026-07-09 06:54:43,954 - src.logic.scenario_writer - INFO - Генерация сценариев для DOGEUSDT. Тренд: NEUTRAL, Сила: 0.50
2026-07-09 06:54:44,954 - src.logic.scenario_writer - INFO - Генерация сценариев для DOGEUSDT. Тренд: NEUTRAL, Сила: 0.50
2026-07-09 06:54:44,954 - src.logic.scenario_writer - INFO - Генерация сценариев для DOGEUSDT. Тренд: NEUTRAL, Сила: 0.50
2026-07-09 06:54:45,955 - src.logic.scenario_writer - INFO - Генерация сценариев для DOGEUSDT. Тренд: NEUTRAL, Сила: 0.50
2026-07-09 06:54:45,955 - src.logic.scenario_writer - INFO - Генерация сценариев для DOGEUSDT. Тренд: NEUTRAL, Сила: 0.50
2026-07-09 06:54:46,956 - src.logic.scenario_writer - INFO - Генерация сценариев для DOGEUSDT. Тренд: NEUTRAL, Сила: 0.50
2026-07-09 06:54:46,956 - src.logic.scenario_writer - INFO - Генерация сценариев для DOGEUSDT. Тренд: NEUTRAL, Сила: 0.50
2026-07-09 06:54:47,957 - src.logic.scenario_writer - INFO - Генерация сценариев для DOGEUSDT. Тренд: NEUTRAL, Сила: 0.50
2026-07-09 06:54:47,957 - src.logic.scenario_writer - INFO - Генерация сценариев для DOGEUSDT. Тренд: NEUTRAL, Сила: 0.50
2026-07-09 06:54:48,958 - src.logic.scenario_writer - INFO - Генерация сценариев для DOGEUSDT. Тренд: NEUTRAL, Сила: 0.50
2026-07-09 06:54:48,958 - src.logic.scenario_writer - INFO - Генерация сценариев для DOGEUSDT. Тренд: NEUTRAL, Сила: 0.50
2026-07-09 06:54:49,959 - src.logic.scenario_writer - INFO - Генерация сценариев для DOGEUSDT. Тренд: NEUTRAL, Сила: 0.50
2026-07-09 06:54:49,959 - src.logic.scenario_writer - INFO - Генерация сценариев для DOGEUSDT. Тренд: NEUTRAL, Сила: 0.50
2026-07-09 06:54:50,960 - src.logic.scenario_writer - INFO - Генерация сценариев для DOGEUSDT. Тренд: NEUTRAL, Сила: 0.50
2026-07-09 06:54:50,960 - src.logic.scenario_writer - INFO - Генерация сценариев для DOGEUSDT. Тренд: NEUTRAL, Сила: 0.50
2026-07-09 06:54:51,960 - src.logic.scenario_writer - INFO - Генерация сценариев для DOGEUSDT. Тренд: NEUTRAL, Сила: 0.50
2026-07-09 06:54:51,961 - src.logic.scenario_writer - INFO - Генерация сценариев для DOGEUSDT. Тренд: NEUTRAL, Сила: 0.50
2026-07-09 06:54:52,961 - src.logic.scenario_writer - INFO - Генерация сценариев для DOGEUSDT. Тренд: NEUTRAL, Сила: 0.50
2026-07-09 06:54:52,961 - src.logic.scenario_writer - INFO - Генерация сценариев для DOGEUSDT. Тренд: NEUTRAL, Сила: 0.50
2026-07-09 06:54:53,962 - src.logic.scenario_writer - INFO - Генерация сценариев для DOGEUSDT. Тренд: NEUTRAL, Сила: 0.50
2026-07-09 06:54:53,962 - src.logic.scenario_writer - INFO - Генерация сценариев для DOGEUSDT. Тренд: NEUTRAL, Сила: 0.50
2026-07-09 06:54:54,963 - src.logic.scenario_writer - INFO - Генерация сценариев для DOGEUSDT. Тренд: NEUTRAL, Сила: 0.50
2026-07-09 06:54:54,964 - src.logic.scenario_writer - INFO - Генерация сценариев для DOGEUSDT. Тренд: NEUTRAL, Сила: 0.50
2026-07-09 06:54:55,964 - src.logic.scenario_writer - INFO - Генерация сценариев для DOGEUSDT. Тренд: NEUTRAL, Сила: 0.50
2026-07-09 06:54:55,964 - src.logic.scenario_writer - INFO - Генерация сценариев для DOGEUSDT. Тренд: NEUTRAL, Сила: 0.50
2026-07-09 06:54:56,965 - src.logic.scenario_writer - INFO - Генерация сценариев для DOGEUSDT. Тренд: NEUTRAL, Сила: 0.50
2026-07-09 06:54:56,965 - src.logic.scenario_writer - INFO - Генерация сценариев для DOGEUSDT. Тренд: NEUTRAL, Сила: 0.50
2026-07-09 06:54:57,966 - src.logic.scenario_writer - INFO - Генерация сценариев для DOGEUSDT. Тренд: NEUTRAL, Сила: 0.50
2026-07-09 06:54:57,966 - src.logic.scenario_writer - INFO - Генерация сценариев для DOGEUSDT. Тренд: NEUTRAL, Сила: 0.50
2026-07-09 06:54:58,966 - src.logic.scenario_writer - INFO - Генерация сценариев для DOGEUSDT. Тренд: NEUTRAL, Сила: 0.50
2026-07-09 06:54:58,967 - src.logic.scenario_writer - INFO - Генерация сценариев для DOGEUSDT. Тренд: NEUTRAL, Сила: 0.50
2026-07-09 06:54:59,967 - src.logic.scenario_writer - INFO - Генерация сценариев для DOGEUSDT. Тренд: NEUTRAL, Сила: 0.50
2026-07-09 06:54:59,967 - src.logic.scenario_writer - INFO - Генерация сценариев для DOGEUSDT. Тренд: NEUTRAL, Сила: 0.50
2026-07-09 06:55:00,968 - src.logic.scenario_writer - INFO - Генерация сценариев для DOGEUSDT. Тренд: NEUTRAL, Сила: 0.50
2026-07-09 06:55:00,968 - src.logic.scenario_writer - INFO - Генерация сценариев для DOGEUSDT. Тренд: NEUTRAL, Сила: 0.50
2026-07-09 06:55:01,970 - src.logic.scenario_writer - INFO - Генерация сценариев для DOGEUSDT. Тренд: NEUTRAL, Сила: 0.50
2026-07-09 06:55:01,970 - src.logic.scenario_writer - INFO - Генерация сценариев для DOGEUSDT. Тренд: NEUTRAL, Сила: 0.50
2026-07-09 06:55:02,971 - src.logic.scenario_writer - INFO - Генерация сценариев для DOGEUSDT. Тренд: NEUTRAL, Сила: 0.50
2026-07-09 06:55:02,971 - src.logic.scenario_writer - INFO - Генерация сценариев для DOGEUSDT. Тренд: NEUTRAL, Сила: 0.50
2026-07-09 06:55:03,973 - src.logic.scenario_writer - INFO - Генерация сценариев для DOGEUSDT. Тренд: NEUTRAL, Сила: 0.50
2026-07-09 06:55:03,973 - src.logic.scenario_writer - INFO - Генерация сценариев для DOGEUSDT. Тренд: NEUTRAL, Сила: 0.50
2026-07-09 06:55:04,974 - src.logic.scenario_writer - INFO - Генерация сценариев для DOGEUSDT. Тренд: NEUTRAL, Сила: 0.50
2026-07-09 06:55:04,974 - src.logic.scenario_writer - INFO - Генерация сценариев для DOGEUSDT. Тренд: NEUTRAL, Сила: 0.50
2026-07-09 06:55:05,974 - src.logic.scenario_writer - INFO - Генерация сценариев для DOGEUSDT. Тренд: NEUTRAL, Сила: 0.50
2026-07-09 06:55:05,974 - src.logic.scenario_writer - INFO - Генерация сценариев для DOGEUSDT. Тренд: NEUTRAL, Сила: 0.50
2026-07-09 06:55:06,975 - src.logic.scenario_writer - INFO - Генерация сценариев для DOGEUSDT. Тренд: NEUTRAL, Сила: 0.50
2026-07-09 06:55:06,975 - src.logic.scenario_writer - INFO - Генерация сценариев для DOGEUSDT. Тренд: NEUTRAL, Сила: 0.50
2026-07-09 06:55:07,975 - src.logic.scenario_writer - INFO - Генерация сценариев для DOGEUSDT. Тренд: NEUTRAL, Сила: 0.50
2026-07-09 06:55:07,975 - src.logic.scenario_writer - INFO - Генерация сценариев для DOGEUSDT. Тренд: NEUTRAL, Сила: 0.50
2026-07-09 06:55:08,976 - src.logic.scenario_writer - INFO - Генерация сценариев для DOGEUSDT. Тренд: NEUTRAL, Сила: 0.50
2026-07-09 06:55:08,976 - src.logic.scenario_writer - INFO - Генерация сценариев для DOGEUSDT. Тренд: NEUTRAL, Сила: 0.50
2026-07-09 06:55:09,978 - src.logic.scenario_writer - INFO - Генерация сценариев для DOGEUSDT. Тренд: NEUTRAL, Сила: 0.50
2026-07-09 06:55:09,978 - src.logic.scenario_writer - INFO - Генерация сценариев для DOGEUSDT. Тренд: NEUTRAL, Сила: 0.50
2026-07-09 06:55:10,978 - src.logic.scenario_writer - INFO - Генерация сценариев для DOGEUSDT. Тренд: NEUTRAL, Сила: 0.50
2026-07-09 06:55:10,978 - src.logic.scenario_writer - INFO - Генерация сценариев для DOGEUSDT. Тренд: NEUTRAL, Сила: 0.50
2026-07-09 06:55:11,979 - src.logic.scenario_writer - INFO - Генерация сценариев для DOGEUSDT. Тренд: NEUTRAL, Сила: 0.50
2026-07-09 06:55:11,980 - src.logic.scenario_writer - INFO - Генерация сценариев для DOGEUSDT. Тренд: NEUTRAL, Сила: 0.50
2026-07-09 06:55:12,980 - src.logic.scenario_writer - INFO - Генерация сценариев для DOGEUSDT. Тренд: NEUTRAL, Сила: 0.50
2026-07-09 06:55:12,980 - src.logic.scenario_writer - INFO - Генерация сценариев для DOGEUSDT. Тренд: NEUTRAL, Сила: 0.50
2026-07-09 06:55:13,982 - src.logic.scenario_writer - INFO - Генерация сценариев для DOGEUSDT. Тренд: NEUTRAL, Сила: 0.50
2026-07-09 06:55:13,982 - src.logic.scenario_writer - INFO - Генерация сценариев для DOGEUSDT. Тренд: NEUTRAL, Сила: 0.50
2026-07-09 06:55:14,984 - src.logic.scenario_writer - INFO - Генерация сценариев для DOGEUSDT. Тренд: NEUTRAL, Сила: 0.50
2026-07-09 06:55:14,984 - src.logic.scenario_writer - INFO - Генерация сценариев для DOGEUSDT. Тренд: NEUTRAL, Сила: 0.50
2026-07-09 06:55:15,985 - src.logic.scenario_writer - INFO - Генерация сценариев для DOGEUSDT. Тренд: NEUTRAL, Сила: 0.50
2026-07-09 06:55:15,985 - src.logic.scenario_writer - INFO - Генерация сценариев для DOGEUSDT. Тренд: NEUTRAL, Сила: 0.50
2026-07-09 06:55:16,986 - src.logic.scenario_writer - INFO - Генерация сценариев для DOGEUSDT. Тренд: NEUTRAL, Сила: 0.50
2026-07-09 06:55:16,986 - src.logic.scenario_writer - INFO - Генерация сценариев для DOGEUSDT. Тренд: NEUTRAL, Сила: 0.50
2026-07-09 06:55:17,987 - src.logic.scenario_writer - INFO - Генерация сценариев для DOGEUSDT. Тренд: NEUTRAL, Сила: 0.50
2026-07-09 06:55:17,987 - src.logic.scenario_writer - INFO - Генерация сценариев для DOGEUSDT. Тренд: NEUTRAL, Сила: 0.50
2026-07-09 06:55:18,988 - src.logic.scenario_writer - INFO - Генерация сценариев для DOGEUSDT. Тренд: NEUTRAL, Сила: 0.50
2026-07-09 06:55:18,988 - src.logic.scenario_writer - INFO - Генерация сценариев для DOGEUSDT. Тренд: NEUTRAL, Сила: 0.50
2026-07-09 06:55:19,988 - src.logic.scenario_writer - INFO - Генерация сценариев для DOGEUSDT. Тренд: NEUTRAL, Сила: 0.50
2026-07-09 06:55:19,988 - src.logic.scenario_writer - INFO - Генерация сценариев для DOGEUSDT. Тренд: NEUTRAL, Сила: 0.50
2026-07-09 06:55:20,989 - src.logic.scenario_writer - INFO - Генерация сценариев для DOGEUSDT. Тренд: NEUTRAL, Сила: 0.50
2026-07-09 06:55:20,990 - src.logic.scenario_writer - INFO - Генерация сценариев для DOGEUSDT. Тренд: NEUTRAL, Сила: 0.50
2026-07-09 06:55:21,990 - src.logic.scenario_writer - INFO - Генерация сценариев для DOGEUSDT. Тренд: NEUTRAL, Сила: 0.50
2026-07-09 06:55:21,990 - src.logic.scenario_writer - INFO - Генерация сценариев для DOGEUSDT. Тренд: NEUTRAL, Сила: 0.50
2026-07-09 06:55:22,991 - src.logic.scenario_writer - INFO - Генерация сценариев для DOGEUSDT. Тренд: NEUTRAL, Сила: 0.50
2026-07-09 06:55:22,991 - src.logic.scenario_writer - INFO - Генерация сценариев для DOGEUSDT. Тренд: NEUTRAL, Сила: 0.50
2026-07-09 06:55:23,992 - src.logic.scenario_writer - INFO - Генерация сценариев для DOGEUSDT. Тренд: NEUTRAL, Сила: 0.50
2026-07-09 06:55:23,992 - src.logic.scenario_writer - INFO - Генерация сценариев для DOGEUSDT. Тренд: NEUTRAL, Сила: 0.50
2026-07-09 06:55:24,993 - src.logic.scenario_writer - INFO - Генерация сценариев для DOGEUSDT. Тренд: NEUTRAL, Сила: 0.50
2026-07-09 06:55:24,993 - src.logic.scenario_writer - INFO - Генерация сценариев для DOGEUSDT. Тренд: NEUTRAL, Сила: 0.50
2026-07-09 06:55:25,993 - src.logic.scenario_writer - INFO - Генерация сценариев для DOGEUSDT. Тренд: NEUTRAL, Сила: 0.50
2026-07-09 06:55:25,994 - src.logic.scenario_writer - INFO - Генерация сценариев для DOGEUSDT. Тренд: NEUTRAL, Сила: 0.50
2026-07-09 06:55:26,994 - src.logic.scenario_writer - INFO - Генерация сценариев для DOGEUSDT. Тренд: NEUTRAL, Сила: 0.50
2026-07-09 06:55:26,994 - src.logic.scenario_writer - INFO - Генерация сценариев для DOGEUSDT. Тренд: NEUTRAL, Сила: 0.50
2026-07-09 06:55:27,995 - src.logic.scenario_writer - INFO - Генерация сценариев для DOGEUSDT. Тренд: NEUTRAL, Сила: 0.50
2026-07-09 06:55:27,995 - src.logic.scenario_writer - INFO - Генерация сценариев для DOGEUSDT. Тренд: NEUTRAL, Сила: 0.50
2026-07-09 06:55:28,997 - src.logic.scenario_writer - INFO - Генерация сценариев для DOGEUSDT. Тренд: NEUTRAL, Сила: 0.50
2026-07-09 06:55:28,997 - src.logic.scenario_writer - INFO - Генерация сценариев для DOGEUSDT. Тренд: NEUTRAL, Сила: 0.50
2026-07-09 06:55:29,997 - src.logic.scenario_writer - INFO - Генерация сценариев для DOGEUSDT. Тренд: NEUTRAL, Сила: 0.50
2026-07-09 06:55:29,997 - src.logic.scenario_writer - INFO - Генерация сценариев для DOGEUSDT. Тренд: NEUTRAL, Сила: 0.50
2026-07-09 06:55:30,998 - src.logic.scenario_writer - INFO - Генерация сценариев для DOGEUSDT. Тренд: NEUTRAL, Сила: 0.50
2026-07-09 06:55:30,998 - src.logic.scenario_writer - INFO - Генерация сценариев для DOGEUSDT. Тренд: NEUTRAL, Сила: 0.50
2026-07-09 06:55:31,999 - src.logic.scenario_writer - INFO - Генерация сценариев для DOGEUSDT. Тренд: NEUTRAL, Сила: 0.50
2026-07-09 06:55:31,999 - src.logic.scenario_writer - INFO - Генерация сценариев для DOGEUSDT. Тренд: NEUTRAL, Сила: 0.50
2026-07-09 06:55:32,999 - src.logic.scenario_writer - INFO - Генерация сценариев для DOGEUSDT. Тренд: NEUTRAL, Сила: 0.50
2026-07-09 06:55:33,000 - src.logic.scenario_writer - INFO - Генерация сценариев для DOGEUSDT. Тренд: NEUTRAL, Сила: 0.50
2026-07-09 06:55:34,000 - src.logic.scenario_writer - INFO - Генерация сценариев для DOGEUSDT. Тренд: NEUTRAL, Сила: 0.50
2026-07-09 06:55:34,000 - src.logic.scenario_writer - INFO - Генерация сценариев для DOGEUSDT. Тренд: NEUTRAL, Сила: 0.50
2026-07-09 06:55:35,001 - src.logic.scenario_writer - INFO - Генерация сценариев для DOGEUSDT. Тренд: NEUTRAL, Сила: 0.50
2026-07-09 06:55:35,001 - src.logic.scenario_writer - INFO - Генерация сценариев для DOGEUSDT. Тренд: NEUTRAL, Сила: 0.50
2026-07-09 06:55:36,002 - src.logic.scenario_writer - INFO - Генерация сценариев для DOGEUSDT. Тренд: NEUTRAL, Сила: 0.50
2026-07-09 06:55:36,002 - src.logic.scenario_writer - INFO - Генерация сценариев для DOGEUSDT. Тренд: NEUTRAL, Сила: 0.50
2026-07-09 06:55:37,003 - src.logic.scenario_writer - INFO - Генерация сценариев для DOGEUSDT. Тренд: NEUTRAL, Сила: 0.50
2026-07-09 06:55:37,003 - src.logic.scenario_writer - INFO - Генерация сценариев для DOGEUSDT. Тренд: NEUTRAL, Сила: 0.50
2026-07-09 06:55:38,004 - src.logic.scenario_writer - INFO - Генерация сценариев для DOGEUSDT. Тренд: NEUTRAL, Сила: 0.50
2026-07-09 06:55:38,004 - src.logic.scenario_writer - INFO - Генерация сценариев для DOGEUSDT. Тренд: NEUTRAL, Сила: 0.50
2026-07-09 06:55:39,005 - src.logic.scenario_writer - INFO - Генерация сценариев для DOGEUSDT. Тренд: NEUTRAL, Сила: 0.50
2026-07-09 06:55:39,005 - src.logic.scenario_writer - INFO - Генерация сценариев для DOGEUSDT. Тренд: NEUTRAL, Сила: 0.50
2026-07-09 06:55:40,006 - src.logic.scenario_writer - INFO - Генерация сценариев для DOGEUSDT. Тренд: NEUTRAL, Сила: 0.50
2026-07-09 06:55:40,006 - src.logic.scenario_writer - INFO - Генерация сценариев для DOGEUSDT. Тренд: NEUTRAL, Сила: 0.50
2026-07-09 06:55:41,007 - src.logic.scenario_writer - INFO - Генерация сценариев для DOGEUSDT. Тренд: NEUTRAL, Сила: 0.50
2026-07-09 06:55:41,007 - src.logic.scenario_writer - INFO - Генерация сценариев для DOGEUSDT. Тренд: NEUTRAL, Сила: 0.50
2026-07-09 06:55:42,008 - src.logic.scenario_writer - INFO - Генерация сценариев для DOGEUSDT. Тренд: NEUTRAL, Сила: 0.50
2026-07-09 06:55:42,008 - src.logic.scenario_writer - INFO - Генерация сценариев для DOGEUSDT. Тренд: NEUTRAL, Сила: 0.50
2026-07-09 06:55:43,009 - src.logic.scenario_writer - INFO - Генерация сценариев для DOGEUSDT. Тренд: NEUTRAL, Сила: 0.50
2026-07-09 06:55:43,009 - src.logic.scenario_writer - INFO - Генерация сценариев для DOGEUSDT. Тренд: NEUTRAL, Сила: 0.50
2026-07-09 06:55:44,010 - src.logic.scenario_writer - INFO - Генерация сценариев для DOGEUSDT. Тренд: NEUTRAL, Сила: 0.50
2026-07-09 06:55:44,010 - src.logic.scenario_writer - INFO - Генерация сценариев для DOGEUSDT. Тренд: NEUTRAL, Сила: 0.50
2026-07-09 06:55:45,010 - src.logic.scenario_writer - INFO - Генерация сценариев для DOGEUSDT. Тренд: NEUTRAL, Сила: 0.50
2026-07-09 06:55:45,011 - src.logic.scenario_writer - INFO - Генерация сценариев для DOGEUSDT. Тренд: NEUTRAL, Сила: 0.50
2026-07-09 06:55:46,011 - src.logic.scenario_writer - INFO - Генерация сценариев для DOGEUSDT. Тренд: NEUTRAL, Сила: 0.50
2026-07-09 06:55:46,012 - src.logic.scenario_writer - INFO - Генерация сценариев для DOGEUSDT. Тренд: NEUTRAL, Сила: 0.50
2026-07-09 06:55:47,012 - src.logic.scenario_writer - INFO - Генерация сценариев для DOGEUSDT. Тренд: NEUTRAL, Сила: 0.50
2026-07-09 06:55:47,013 - src.logic.scenario_writer - INFO - Генерация сценариев для DOGEUSDT. Тренд: NEUTRAL, Сила: 0.50
2026-07-09 06:55:48,013 - src.logic.scenario_writer - INFO - Генерация сценариев для DOGEUSDT. Тренд: NEUTRAL, Сила: 0.50
2026-07-09 06:55:48,013 - src.logic.scenario_writer - INFO - Генерация сценариев для DOGEUSDT. Тренд: NEUTRAL, Сила: 0.50
2026-07-09 06:55:49,014 - src.logic.scenario_writer - INFO - Генерация сценариев для DOGEUSDT. Тренд: NEUTRAL, Сила: 0.50
2026-07-09 06:55:49,014 - src.logic.scenario_writer - INFO - Генерация сценариев для DOGEUSDT. Тренд: NEUTRAL, Сила: 0.50
2026-07-09 06:55:50,014 - src.logic.scenario_writer - INFO - Генерация сценариев для DOGEUSDT. Тренд: NEUTRAL, Сила: 0.50
2026-07-09 06:55:50,014 - src.logic.scenario_writer - INFO - Генерация сценариев для DOGEUSDT. Тренд: NEUTRAL, Сила: 0.50
2026-07-09 06:55:51,016 - src.logic.scenario_writer - INFO - Генерация сценариев для DOGEUSDT. Тренд: NEUTRAL, Сила: 0.50
2026-07-09 06:55:51,016 - src.logic.scenario_writer - INFO - Генерация сценариев для DOGEUSDT. Тренд: NEUTRAL, Сила: 0.50
2026-07-09 06:55:52,018 - src.logic.scenario_writer - INFO - Генерация сценариев для DOGEUSDT. Тренд: NEUTRAL, Сила: 0.50
2026-07-09 06:55:52,018 - src.logic.scenario_writer - INFO - Генерация сценариев для DOGEUSDT. Тренд: NEUTRAL, Сила: 0.50
2026-07-09 06:55:53,018 - src.logic.scenario_writer - INFO - Генерация сценариев для DOGEUSDT. Тренд: NEUTRAL, Сила: 0.50
2026-07-09 06:55:53,019 - src.logic.scenario_writer - INFO - Генерация сценариев для DOGEUSDT. Тренд: NEUTRAL, Сила: 0.50
2026-07-09 06:55:54,020 - src.logic.scenario_writer - INFO - Генерация сценариев для DOGEUSDT. Тренд: NEUTRAL, Сила: 0.50
2026-07-09 06:55:54,020 - src.logic.scenario_writer - INFO - Генерация сценариев для DOGEUSDT. Тренд: NEUTRAL, Сила: 0.50
2026-07-09 06:55:55,021 - src.logic.scenario_writer - INFO - Генерация сценариев для DOGEUSDT. Тренд: NEUTRAL, Сила: 0.50
2026-07-09 06:55:55,021 - src.logic.scenario_writer - INFO - Генерация сценариев для DOGEUSDT. Тренд: NEUTRAL, Сила: 0.50
2026-07-09 06:55:56,021 - src.logic.scenario_writer - INFO - Генерация сценариев для DOGEUSDT. Тренд: NEUTRAL, Сила: 0.50
2026-07-09 06:55:56,021 - src.logic.scenario_writer - INFO - Генерация сценариев для DOGEUSDT. Тренд: NEUTRAL, Сила: 0.50
2026-07-09 06:55:57,022 - src.logic.scenario_writer - INFO - Генерация сценариев для DOGEUSDT. Тренд: NEUTRAL, Сила: 0.50
2026-07-09 06:55:57,022 - src.logic.scenario_writer - INFO - Генерация сценариев для DOGEUSDT. Тренд: NEUTRAL, Сила: 0.50
2026-07-09 06:55:58,023 - src.logic.scenario_writer - INFO - Генерация сценариев для DOGEUSDT. Тренд: NEUTRAL, Сила: 0.50
2026-07-09 06:55:58,023 - src.logic.scenario_writer - INFO - Генерация сценариев для DOGEUSDT. Тренд: NEUTRAL, Сила: 0.50
2026-07-09 06:55:59,024 - src.logic.scenario_writer - INFO - Генерация сценариев для DOGEUSDT. Тренд: NEUTRAL, Сила: 0.50
2026-07-09 06:55:59,024 - src.logic.scenario_writer - INFO - Генерация сценариев для DOGEUSDT. Тренд: NEUTRAL, Сила: 0.50
2026-07-09 06:56:00,025 - src.logic.scenario_writer - INFO - Генерация сценариев для DOGEUSDT. Тренд: NEUTRAL, Сила: 0.50
2026-07-09 06:56:00,025 - src.logic.scenario_writer - INFO - Генерация сценариев для DOGEUSDT. Тренд: NEUTRAL, Сила: 0.50
2026-07-09 06:56:01,025 - src.logic.scenario_writer - INFO - Генерация сценариев для DOGEUSDT. Тренд: NEUTRAL, Сила: 0.50
2026-07-09 06:56:01,025 - src.logic.scenario_writer - INFO - Генерация сценариев для DOGEUSDT. Тренд: NEUTRAL, Сила: 0.50
2026-07-09 06:56:02,025 - src.logic.scenario_writer - INFO - Генерация сценариев для DOGEUSDT. Тренд: NEUTRAL, Сила: 0.50
2026-07-09 06:56:02,026 - src.logic.scenario_writer - INFO - Генерация сценариев для DOGEUSDT. Тренд: NEUTRAL, Сила: 0.50
2026-07-09 06:56:03,026 - src.logic.scenario_writer - INFO - Генерация сценариев для DOGEUSDT. Тренд: NEUTRAL, Сила: 0.50
2026-07-09 06:56:03,027 - src.logic.scenario_writer - INFO - Генерация сценариев для DOGEUSDT. Тренд: NEUTRAL, Сила: 0.50
2026-07-09 06:56:04,027 - src.logic.scenario_writer - INFO - Генерация сценариев для DOGEUSDT. Тренд: NEUTRAL, Сила: 0.50
2026-07-09 06:56:04,027 - src.logic.scenario_writer - INFO - Генерация сценариев для DOGEUSDT. Тренд: NEUTRAL, Сила: 0.50
2026-07-09 06:56:05,028 - src.logic.scenario_writer - INFO - Генерация сценариев для DOGEUSDT. Тренд: NEUTRAL, Сила: 0.50
2026-07-09 06:56:05,028 - src.logic.scenario_writer - INFO - Генерация сценариев для DOGEUSDT. Тренд: NEUTRAL, Сила: 0.50
2026-07-09 06:56:06,028 - src.logic.scenario_writer - INFO - Генерация сценариев для DOGEUSDT. Тренд: NEUTRAL, Сила: 0.50
2026-07-09 06:56:06,028 - src.logic.scenario_writer - INFO - Генерация сценариев для DOGEUSDT. Тренд: NEUTRAL, Сила: 0.50
2026-07-09 06:56:07,028 - src.logic.scenario_writer - INFO - Генерация сценариев для DOGEUSDT. Тренд: NEUTRAL, Сила: 0.50
2026-07-09 06:56:07,029 - src.logic.scenario_writer - INFO - Генерация сценариев для DOGEUSDT. Тренд: NEUTRAL, Сила: 0.50
2026-07-09 06:56:08,029 - src.logic.scenario_writer - INFO - Генерация сценариев для DOGEUSDT. Тренд: NEUTRAL, Сила: 0.50
2026-07-09 06:56:08,029 - src.logic.scenario_writer - INFO - Генерация сценариев для DOGEUSDT. Тренд: NEUTRAL, Сила: 0.50
2026-07-09 06:56:09,029 - src.logic.scenario_writer - INFO - Генерация сценариев для DOGEUSDT. Тренд: NEUTRAL, Сила: 0.50
2026-07-09 06:56:09,029 - src.logic.scenario_writer - INFO - Генерация сценариев для DOGEUSDT. Тренд: NEUTRAL, Сила: 0.50
2026-07-09 06:56:10,030 - src.logic.scenario_writer - INFO - Генерация сценариев для DOGEUSDT. Тренд: NEUTRAL, Сила: 0.50
2026-07-09 06:56:10,030 - src.logic.scenario_writer - INFO - Генерация сценариев для DOGEUSDT. Тренд: NEUTRAL, Сила: 0.50
2026-07-09 06:56:11,032 - src.logic.scenario_writer - INFO - Генерация сценариев для DOGEUSDT. Тренд: NEUTRAL, Сила: 0.50
2026-07-09 06:56:11,032 - src.logic.scenario_writer - INFO - Генерация сценариев для DOGEUSDT. Тренд: NEUTRAL, Сила: 0.50
2026-07-09 06:56:12,033 - src.logic.scenario_writer - INFO - Генерация сценариев для DOGEUSDT. Тренд: NEUTRAL, Сила: 0.50
2026-07-09 06:56:12,034 - src.logic.scenario_writer - INFO - Генерация сценариев для DOGEUSDT. Тренд: NEUTRAL, Сила: 0.50
2026-07-09 06:56:13,034 - src.logic.scenario_writer - INFO - Генерация сценариев для DOGEUSDT. Тренд: NEUTRAL, Сила: 0.50
2026-07-09 06:56:13,034 - src.logic.scenario_writer - INFO - Генерация сценариев для DOGEUSDT. Тренд: NEUTRAL, Сила: 0.50
2026-07-09 06:56:14,035 - src.logic.scenario_writer - INFO - Генерация сценариев для DOGEUSDT. Тренд: NEUTRAL, Сила: 0.50
2026-07-09 06:56:14,035 - src.logic.scenario_writer - INFO - Генерация сценариев для DOGEUSDT. Тренд: NEUTRAL, Сила: 0.50
2026-07-09 06:56:15,035 - src.logic.scenario_writer - INFO - Генерация сценариев для DOGEUSDT. Тренд: NEUTRAL, Сила: 0.50
2026-07-09 06:56:15,036 - src.logic.scenario_writer - INFO - Генерация сценариев для DOGEUSDT. Тренд: NEUTRAL, Сила: 0.50
2026-07-09 06:56:16,036 - src.logic.scenario_writer - INFO - Генерация сценариев для DOGEUSDT. Тренд: NEUTRAL, Сила: 0.50
2026-07-09 06:56:16,036 - src.logic.scenario_writer - INFO - Генерация сценариев для DOGEUSDT. Тренд: NEUTRAL, Сила: 0.50
2026-07-09 06:56:17,037 - src.logic.scenario_writer - INFO - Генерация сценариев для DOGEUSDT. Тренд: NEUTRAL, Сила: 0.50
2026-07-09 06:56:17,037 - src.logic.scenario_writer - INFO - Генерация сценариев для DOGEUSDT. Тренд: NEUTRAL, Сила: 0.50
2026-07-09 06:56:18,038 - src.logic.scenario_writer - INFO - Генерация сценариев для DOGEUSDT. Тренд: NEUTRAL, Сила: 0.50
2026-07-09 06:56:18,038 - src.logic.scenario_writer - INFO - Генерация сценариев для DOGEUSDT. Тренд: NEUTRAL, Сила: 0.50
2026-07-09 06:56:19,039 - src.logic.scenario_writer - INFO - Генерация сценариев для DOGEUSDT. Тренд: NEUTRAL, Сила: 0.50
2026-07-09 06:56:19,039 - src.logic.scenario_writer - INFO - Генерация сценариев для DOGEUSDT. Тренд: NEUTRAL, Сила: 0.50
2026-07-09 06:56:20,040 - src.logic.scenario_writer - INFO - Генерация сценариев для DOGEUSDT. Тренд: NEUTRAL, Сила: 0.50
2026-07-09 06:56:20,040 - src.logic.scenario_writer - INFO - Генерация сценариев для DOGEUSDT. Тренд: NEUTRAL, Сила: 0.50
2026-07-09 06:56:21,041 - src.logic.scenario_writer - INFO - Генерация сценариев для DOGEUSDT. Тренд: NEUTRAL, Сила: 0.50
2026-07-09 06:56:21,041 - src.logic.scenario_writer - INFO - Генерация сценариев для DOGEUSDT. Тренд: NEUTRAL, Сила: 0.50
2026-07-09 06:56:22,042 - src.logic.scenario_writer - INFO - Генерация сценариев для DOGEUSDT. Тренд: NEUTRAL, Сила: 0.50
2026-07-09 06:56:22,042 - src.logic.scenario_writer - INFO - Генерация сценариев для DOGEUSDT. Тренд: NEUTRAL, Сила: 0.50
2026-07-09 06:56:23,042 - src.logic.scenario_writer - INFO - Генерация сценариев для DOGEUSDT. Тренд: NEUTRAL, Сила: 0.50
2026-07-09 06:56:23,043 - src.logic.scenario_writer - INFO - Генерация сценариев для DOGEUSDT. Тренд: NEUTRAL, Сила: 0.50
2026-07-09 06:56:24,043 - src.logic.scenario_writer - INFO - Генерация сценариев для DOGEUSDT. Тренд: NEUTRAL, Сила: 0.50
2026-07-09 06:56:24,043 - src.logic.scenario_writer - INFO - Генерация сценариев для DOGEUSDT. Тренд: NEUTRAL, Сила: 0.50
2026-07-09 06:56:25,044 - src.logic.scenario_writer - INFO - Генерация сценариев для DOGEUSDT. Тренд: NEUTRAL, Сила: 0.50
2026-07-09 06:56:25,044 - src.logic.scenario_writer - INFO - Генерация сценариев для DOGEUSDT. Тренд: NEUTRAL, Сила: 0.50
2026-07-09 06:56:26,044 - src.logic.scenario_writer - INFO - Генерация сценариев для DOGEUSDT. Тренд: NEUTRAL, Сила: 0.50
2026-07-09 06:56:26,044 - src.logic.scenario_writer - INFO - Генерация сценариев для DOGEUSDT. Тренд: NEUTRAL, Сила: 0.50
2026-07-09 06:56:27,045 - src.logic.scenario_writer - INFO - Генерация сценариев для DOGEUSDT. Тренд: NEUTRAL, Сила: 0.50
2026-07-09 06:56:27,046 - src.logic.scenario_writer - INFO - Генерация сценариев для DOGEUSDT. Тренд: NEUTRAL, Сила: 0.50
2026-07-09 06:56:28,046 - src.logic.scenario_writer - INFO - Генерация сценариев для DOGEUSDT. Тренд: NEUTRAL, Сила: 0.50
2026-07-09 06:56:28,046 - src.logic.scenario_writer - INFO - Генерация сценариев для DOGEUSDT. Тренд: NEUTRAL, Сила: 0.50
2026-07-09 06:56:29,046 - src.logic.scenario_writer - INFO - Генерация сценариев для DOGEUSDT. Тренд: NEUTRAL, Сила: 0.50
2026-07-09 06:56:29,047 - src.logic.scenario_writer - INFO - Генерация сценариев для DOGEUSDT. Тренд: NEUTRAL, Сила: 0.50
2026-07-09 06:56:30,047 - src.logic.scenario_writer - INFO - Генерация сценариев для DOGEUSDT. Тренд: NEUTRAL, Сила: 0.50
2026-07-09 06:56:30,047 - src.logic.scenario_writer - INFO - Генерация сценариев для DOGEUSDT. Тренд: NEUTRAL, Сила: 0.50
2026-07-09 06:56:31,048 - src.logic.scenario_writer - INFO - Генерация сценариев для DOGEUSDT. Тренд: NEUTRAL, Сила: 0.50
2026-07-09 06:56:31,048 - src.logic.scenario_writer - INFO - Генерация сценариев для DOGEUSDT. Тренд: NEUTRAL, Сила: 0.50
2026-07-09 06:56:32,050 - src.logic.scenario_writer - INFO - Генерация сценариев для DOGEUSDT. Тренд: NEUTRAL, Сила: 0.50
2026-07-09 06:56:32,051 - src.logic.scenario_writer - INFO - Генерация сценариев для DOGEUSDT. Тренд: NEUTRAL, Сила: 0.50
2026-07-09 06:56:33,052 - src.logic.scenario_writer - INFO - Генерация сценариев для DOGEUSDT. Тренд: NEUTRAL, Сила: 0.50
2026-07-09 06:56:33,052 - src.logic.scenario_writer - INFO - Генерация сценариев для DOGEUSDT. Тренд: NEUTRAL, Сила: 0.50
2026-07-09 06:56:34,052 - src.logic.scenario_writer - INFO - Генерация сценариев для DOGEUSDT. Тренд: NEUTRAL, Сила: 0.50
2026-07-09 06:56:34,053 - src.logic.scenario_writer - INFO - Генерация сценариев для DOGEUSDT. Тренд: NEUTRAL, Сила: 0.50
2026-07-09 06:56:35,053 - src.logic.scenario_writer - INFO - Генерация сценариев для DOGEUSDT. Тренд: NEUTRAL, Сила: 0.50
2026-07-09 06:56:35,053 - src.logic.scenario_writer - INFO - Генерация сценариев для DOGEUSDT. Тренд: NEUTRAL, Сила: 0.50
2026-07-09 06:56:36,053 - src.logic.scenario_writer - INFO - Генерация сценариев для DOGEUSDT. Тренд: NEUTRAL, Сила: 0.50
2026-07-09 06:56:36,054 - src.logic.scenario_writer - INFO - Генерация сценариев для DOGEUSDT. Тренд: NEUTRAL, Сила: 0.50
2026-07-09 06:56:37,054 - src.logic.scenario_writer - INFO - Генерация сценариев для DOGEUSDT. Тренд: NEUTRAL, Сила: 0.50
2026-07-09 06:56:37,054 - src.logic.scenario_writer - INFO - Генерация сценариев для DOGEUSDT. Тренд: NEUTRAL, Сила: 0.50
2026-07-09 06:56:38,055 - src.logic.scenario_writer - INFO - Генерация сценариев для DOGEUSDT. Тренд: NEUTRAL, Сила: 0.50
2026-07-09 06:56:38,055 - src.logic.scenario_writer - INFO - Генерация сценариев для DOGEUSDT. Тренд: NEUTRAL, Сила: 0.50
2026-07-09 06:56:39,055 - src.logic.scenario_writer - INFO - Генерация сценариев для DOGEUSDT. Тренд: NEUTRAL, Сила: 0.50
2026-07-09 06:56:39,056 - src.logic.scenario_writer - INFO - Генерация сценариев для DOGEUSDT. Тренд: NEUTRAL, Сила: 0.50
2026-07-09 06:56:40,056 - src.logic.scenario_writer - INFO - Генерация сценариев для DOGEUSDT. Тренд: NEUTRAL, Сила: 0.50
2026-07-09 06:56:40,056 - src.logic.scenario_writer - INFO - Генерация сценариев для DOGEUSDT. Тренд: NEUTRAL, Сила: 0.50
2026-07-09 06:56:41,058 - src.logic.scenario_writer - INFO - Генерация сценариев для DOGEUSDT. Тренд: NEUTRAL, Сила: 0.50
2026-07-09 06:56:41,059 - src.logic.scenario_writer - INFO - Генерация сценариев для DOGEUSDT. Тренд: NEUTRAL, Сила: 0.50
2026-07-09 06:56:42,060 - src.logic.scenario_writer - INFO - Генерация сценариев для DOGEUSDT. Тренд: NEUTRAL, Сила: 0.50
2026-07-09 06:56:42,060 - src.logic.scenario_writer - INFO - Генерация сценариев для DOGEUSDT. Тренд: NEUTRAL, Сила: 0.50
2026-07-09 06:56:43,061 - src.logic.scenario_writer - INFO - Генерация сценариев для DOGEUSDT. Тренд: NEUTRAL, Сила: 0.50
2026-07-09 06:56:43,062 - src.logic.scenario_writer - INFO - Генерация сценариев для DOGEUSDT. Тренд: NEUTRAL, Сила: 0.50
2026-07-09 06:56:44,062 - src.logic.scenario_writer - INFO - Генерация сценариев для DOGEUSDT. Тренд: NEUTRAL, Сила: 0.50
2026-07-09 06:56:44,062 - src.logic.scenario_writer - INFO - Генерация сценариев для DOGEUSDT. Тренд: NEUTRAL, Сила: 0.50
2026-07-09 06:56:45,063 - src.logic.scenario_writer - INFO - Генерация сценариев для DOGEUSDT. Тренд: NEUTRAL, Сила: 0.50
2026-07-09 06:56:45,063 - src.logic.scenario_writer - INFO - Генерация сценариев для DOGEUSDT. Тренд: NEUTRAL, Сила: 0.50
2026-07-09 06:56:46,064 - src.logic.scenario_writer - INFO - Генерация сценариев для DOGEUSDT. Тренд: NEUTRAL, Сила: 0.50
2026-07-09 06:56:46,064 - src.logic.scenario_writer - INFO - Генерация сценариев для DOGEUSDT. Тренд: NEUTRAL, Сила: 0.50
2026-07-09 06:56:47,065 - src.logic.scenario_writer - INFO - Генерация сценариев для DOGEUSDT. Тренд: NEUTRAL, Сила: 0.50
2026-07-09 06:56:47,065 - src.logic.scenario_writer - INFO - Генерация сценариев для DOGEUSDT. Тренд: NEUTRAL, Сила: 0.50
2026-07-09 06:56:48,065 - src.logic.scenario_writer - INFO - Генерация сценариев для DOGEUSDT. Тренд: NEUTRAL, Сила: 0.50
2026-07-09 06:56:48,065 - src.logic.scenario_writer - INFO - Генерация сценариев для DOGEUSDT. Тренд: NEUTRAL, Сила: 0.50
2026-07-09 06:56:49,066 - src.logic.scenario_writer - INFO - Генерация сценариев для DOGEUSDT. Тренд: NEUTRAL, Сила: 0.50
2026-07-09 06:56:49,066 - src.logic.scenario_writer - INFO - Генерация сценариев для DOGEUSDT. Тренд: NEUTRAL, Сила: 0.50
2026-07-09 06:56:50,066 - src.logic.scenario_writer - INFO - Генерация сценариев для DOGEUSDT. Тренд: NEUTRAL, Сила: 0.50
2026-07-09 06:56:50,066 - src.logic.scenario_writer - INFO - Генерация сценариев для DOGEUSDT. Тренд: NEUTRAL, Сила: 0.50
2026-07-09 06:56:51,067 - src.logic.scenario_writer - INFO - Генерация сценариев для DOGEUSDT. Тренд: NEUTRAL, Сила: 0.50
2026-07-09 06:56:51,067 - src.logic.scenario_writer - INFO - Генерация сценариев для DOGEUSDT. Тренд: NEUTRAL, Сила: 0.50
2026-07-09 06:56:52,068 - src.logic.scenario_writer - INFO - Генерация сценариев для DOGEUSDT. Тренд: NEUTRAL, Сила: 0.50
2026-07-09 06:56:52,068 - src.logic.scenario_writer - INFO - Генерация сценариев для DOGEUSDT. Тренд: NEUTRAL, Сила: 0.50
2026-07-09 06:56:53,068 - src.logic.scenario_writer - INFO - Генерация сценариев для DOGEUSDT. Тренд: NEUTRAL, Сила: 0.50
2026-07-09 06:56:53,069 - src.logic.scenario_writer - INFO - Генерация сценариев для DOGEUSDT. Тренд: NEUTRAL, Сила: 0.50
2026-07-09 06:56:54,069 - src.logic.scenario_writer - INFO - Генерация сценариев для DOGEUSDT. Тренд: NEUTRAL, Сила: 0.50
2026-07-09 06:56:54,069 - src.logic.scenario_writer - INFO - Генерация сценариев для DOGEUSDT. Тренд: NEUTRAL, Сила: 0.50
2026-07-09 06:56:55,070 - src.logic.scenario_writer - INFO - Генерация сценариев для DOGEUSDT. Тренд: NEUTRAL, Сила: 0.50
2026-07-09 06:56:55,070 - src.logic.scenario_writer - INFO - Генерация сценариев для DOGEUSDT. Тренд: NEUTRAL, Сила: 0.50
2026-07-09 06:56:56,070 - src.logic.scenario_writer - INFO - Генерация сценариев для DOGEUSDT. Тренд: NEUTRAL, Сила: 0.50
2026-07-09 06:56:56,071 - src.logic.scenario_writer - INFO - Генерация сценариев для DOGEUSDT. Тренд: NEUTRAL, Сила: 0.50
2026-07-09 06:56:57,071 - src.logic.scenario_writer - INFO - Генерация сценариев для DOGEUSDT. Тренд: NEUTRAL, Сила: 0.50
2026-07-09 06:56:57,071 - src.logic.scenario_writer - INFO - Генерация сценариев для DOGEUSDT. Тренд: NEUTRAL, Сила: 0.50
2026-07-09 06:56:58,072 - src.logic.scenario_writer - INFO - Генерация сценариев для DOGEUSDT. Тренд: NEUTRAL, Сила: 0.50
2026-07-09 06:56:58,072 - src.logic.scenario_writer - INFO - Генерация сценариев для DOGEUSDT. Тренд: NEUTRAL, Сила: 0.50
2026-07-09 06:56:59,073 - src.logic.scenario_writer - INFO - Генерация сценариев для DOGEUSDT. Тренд: NEUTRAL, Сила: 0.50
2026-07-09 06:56:59,073 - src.logic.scenario_writer - INFO - Генерация сценариев для DOGEUSDT. Тренд: NEUTRAL, Сила: 0.50
2026-07-09 06:57:00,074 - src.logic.scenario_writer - INFO - Генерация сценариев для DOGEUSDT. Тренд: NEUTRAL, Сила: 0.50
2026-07-09 06:57:00,074 - src.logic.scenario_writer - INFO - Генерация сценариев для DOGEUSDT. Тренд: NEUTRAL, Сила: 0.50
2026-07-09 06:57:01,075 - src.logic.scenario_writer - INFO - Генерация сценариев для DOGEUSDT. Тренд: NEUTRAL, Сила: 0.50
2026-07-09 06:57:01,075 - src.logic.scenario_writer - INFO - Генерация сценариев для DOGEUSDT. Тренд: NEUTRAL, Сила: 0.50
2026-07-09 06:57:02,076 - src.logic.scenario_writer - INFO - Генерация сценариев для DOGEUSDT. Тренд: NEUTRAL, Сила: 0.50
2026-07-09 06:57:02,076 - src.logic.scenario_writer - INFO - Генерация сценариев для DOGEUSDT. Тренд: NEUTRAL, Сила: 0.50
2026-07-09 06:57:03,077 - src.logic.scenario_writer - INFO - Генерация сценариев для DOGEUSDT. Тренд: NEUTRAL, Сила: 0.50
2026-07-09 06:57:03,077 - src.logic.scenario_writer - INFO - Генерация сценариев для DOGEUSDT. Тренд: NEUTRAL, Сила: 0.50
2026-07-09 06:57:04,078 - src.logic.scenario_writer - INFO - Генерация сценариев для DOGEUSDT. Тренд: NEUTRAL, Сила: 0.50
2026-07-09 06:57:04,078 - src.logic.scenario_writer - INFO - Генерация сценариев для DOGEUSDT. Тренд: NEUTRAL, Сила: 0.50
2026-07-09 06:57:05,078 - src.logic.scenario_writer - INFO - Генерация сценариев для DOGEUSDT. Тренд: NEUTRAL, Сила: 0.50
2026-07-09 06:57:05,079 - src.logic.scenario_writer - INFO - Генерация сценариев для DOGEUSDT. Тренд: NEUTRAL, Сила: 0.50
2026-07-09 06:57:06,080 - src.logic.scenario_writer - INFO - Генерация сценариев для DOGEUSDT. Тренд: NEUTRAL, Сила: 0.50
2026-07-09 06:57:06,080 - src.logic.scenario_writer - INFO - Генерация сценариев для DOGEUSDT. Тренд: NEUTRAL, Сила: 0.50
2026-07-09 06:57:07,081 - src.logic.scenario_writer - INFO - Генерация сценариев для DOGEUSDT. Тренд: NEUTRAL, Сила: 0.50
2026-07-09 06:57:07,081 - src.logic.scenario_writer - INFO - Генерация сценариев для DOGEUSDT. Тренд: NEUTRAL, Сила: 0.50
2026-07-09 06:57:08,082 - src.logic.scenario_writer - INFO - Генерация сценариев для DOGEUSDT. Тренд: NEUTRAL, Сила: 0.50
2026-07-09 06:57:08,082 - src.logic.scenario_writer - INFO - Генерация сценариев для DOGEUSDT. Тренд: NEUTRAL, Сила: 0.50
2026-07-09 06:57:09,083 - src.logic.scenario_writer - INFO - Генерация сценариев для DOGEUSDT. Тренд: NEUTRAL, Сила: 0.50
2026-07-09 06:57:09,083 - src.logic.scenario_writer - INFO - Генерация сценариев для DOGEUSDT. Тренд: NEUTRAL, Сила: 0.50
2026-07-09 06:57:10,084 - src.logic.scenario_writer - INFO - Генерация сценариев для DOGEUSDT. Тренд: NEUTRAL, Сила: 0.50
2026-07-09 06:57:10,084 - src.logic.scenario_writer - INFO - Генерация сценариев для DOGEUSDT. Тренд: NEUTRAL, Сила: 0.50
2026-07-09 06:57:11,085 - src.logic.scenario_writer - INFO - Генерация сценариев для DOGEUSDT. Тренд: NEUTRAL, Сила: 0.50
2026-07-09 06:57:11,085 - src.logic.scenario_writer - INFO - Генерация сценариев для DOGEUSDT. Тренд: NEUTRAL, Сила: 0.50
2026-07-09 06:57:12,085 - src.logic.scenario_writer - INFO - Генерация сценариев для DOGEUSDT. Тренд: NEUTRAL, Сила: 0.50
2026-07-09 06:57:12,085 - src.logic.scenario_writer - INFO - Генерация сценариев для DOGEUSDT. Тренд: NEUTRAL, Сила: 0.50
2026-07-09 06:57:13,086 - src.logic.scenario_writer - INFO - Генерация сценариев для DOGEUSDT. Тренд: NEUTRAL, Сила: 0.50
2026-07-09 06:57:13,086 - src.logic.scenario_writer - INFO - Генерация сценариев для DOGEUSDT. Тренд: NEUTRAL, Сила: 0.50
2026-07-09 06:57:14,086 - src.logic.scenario_writer - INFO - Генерация сценариев для DOGEUSDT. Тренд: NEUTRAL, Сила: 0.50
2026-07-09 06:57:14,087 - src.logic.scenario_writer - INFO - Генерация сценариев для DOGEUSDT. Тренд: NEUTRAL, Сила: 0.50
2026-07-09 06:57:15,087 - src.logic.scenario_writer - INFO - Генерация сценариев для DOGEUSDT. Тренд: NEUTRAL, Сила: 0.50
2026-07-09 06:57:15,087 - src.logic.scenario_writer - INFO - Генерация сценариев для DOGEUSDT. Тренд: NEUTRAL, Сила: 0.50
2026-07-09 06:57:16,087 - src.logic.scenario_writer - INFO - Генерация сценариев для DOGEUSDT. Тренд: NEUTRAL, Сила: 0.50
2026-07-09 06:57:16,088 - src.logic.scenario_writer - INFO - Генерация сценариев для DOGEUSDT. Тренд: NEUTRAL, Сила: 0.50
2026-07-09 06:57:17,088 - src.logic.scenario_writer - INFO - Генерация сценариев для DOGEUSDT. Тренд: NEUTRAL, Сила: 0.50
2026-07-09 06:57:17,088 - src.logic.scenario_writer - INFO - Генерация сценариев для DOGEUSDT. Тренд: NEUTRAL, Сила: 0.50
2026-07-09 06:57:18,089 - src.logic.scenario_writer - INFO - Генерация сценариев для DOGEUSDT. Тренд: NEUTRAL, Сила: 0.50
2026-07-09 06:57:18,089 - src.logic.scenario_writer - INFO - Генерация сценариев для DOGEUSDT. Тренд: NEUTRAL, Сила: 0.50
2026-07-09 06:57:19,090 - src.logic.scenario_writer - INFO - Генерация сценариев для DOGEUSDT. Тренд: NEUTRAL, Сила: 0.50
2026-07-09 06:57:19,090 - src.logic.scenario_writer - INFO - Генерация сценариев для DOGEUSDT. Тренд: NEUTRAL, Сила: 0.50
2026-07-09 06:57:20,090 - src.logic.scenario_writer - INFO - Генерация сценариев для DOGEUSDT. Тренд: NEUTRAL, Сила: 0.50
2026-07-09 06:57:20,091 - src.logic.scenario_writer - INFO - Генерация сценариев для DOGEUSDT. Тренд: NEUTRAL, Сила: 0.50
2026-07-09 06:57:21,091 - src.logic.scenario_writer - INFO - Генерация сценариев для DOGEUSDT. Тренд: NEUTRAL, Сила: 0.50
2026-07-09 06:57:21,092 - src.logic.scenario_writer - INFO - Генерация сценариев для DOGEUSDT. Тренд: NEUTRAL, Сила: 0.50
2026-07-09 06:57:22,093 - src.logic.scenario_writer - INFO - Генерация сценариев для DOGEUSDT. Тренд: NEUTRAL, Сила: 0.50
2026-07-09 06:57:22,093 - src.logic.scenario_writer - INFO - Генерация сценариев для DOGEUSDT. Тренд: NEUTRAL, Сила: 0.50
2026-07-09 06:57:23,093 - src.logic.scenario_writer - INFO - Генерация сценариев для DOGEUSDT. Тренд: NEUTRAL, Сила: 0.50
2026-07-09 06:57:23,093 - src.logic.scenario_writer - INFO - Генерация сценариев для DOGEUSDT. Тренд: NEUTRAL, Сила: 0.50
2026-07-09 06:57:24,094 - src.logic.scenario_writer - INFO - Генерация сценариев для DOGEUSDT. Тренд: NEUTRAL, Сила: 0.50
2026-07-09 06:57:24,094 - src.logic.scenario_writer - INFO - Генерация сценариев для DOGEUSDT. Тренд: NEUTRAL, Сила: 0.50
2026-07-09 06:57:25,095 - src.logic.scenario_writer - INFO - Генерация сценариев для DOGEUSDT. Тренд: NEUTRAL, Сила: 0.50
2026-07-09 06:57:25,095 - src.logic.scenario_writer - INFO - Генерация сценариев для DOGEUSDT. Тренд: NEUTRAL, Сила: 0.50
2026-07-09 06:57:26,096 - src.logic.scenario_writer - INFO - Генерация сценариев для DOGEUSDT. Тренд: NEUTRAL, Сила: 0.50
2026-07-09 06:57:26,096 - src.logic.scenario_writer - INFO - Генерация сценариев для DOGEUSDT. Тренд: NEUTRAL, Сила: 0.50
2026-07-09 06:57:27,098 - src.logic.scenario_writer - INFO - Генерация сценариев для DOGEUSDT. Тренд: NEUTRAL, Сила: 0.50
2026-07-09 06:57:27,098 - src.logic.scenario_writer - INFO - Генерация сценариев для DOGEUSDT. Тренд: NEUTRAL, Сила: 0.50
2026-07-09 06:57:28,099 - src.logic.scenario_writer - INFO - Генерация сценариев для DOGEUSDT. Тренд: NEUTRAL, Сила: 0.50
2026-07-09 06:57:28,099 - src.logic.scenario_writer - INFO - Генерация сценариев для DOGEUSDT. Тренд: NEUTRAL, Сила: 0.50
2026-07-09 06:57:29,100 - src.logic.scenario_writer - INFO - Генерация сценариев для DOGEUSDT. Тренд: NEUTRAL, Сила: 0.50
2026-07-09 06:57:29,100 - src.logic.scenario_writer - INFO - Генерация сценариев для DOGEUSDT. Тренд: NEUTRAL, Сила: 0.50
2026-07-09 06:57:30,101 - src.logic.scenario_writer - INFO - Генерация сценариев для DOGEUSDT. Тренд: NEUTRAL, Сила: 0.50
2026-07-09 06:57:30,101 - src.logic.scenario_writer - INFO - Генерация сценариев для DOGEUSDT. Тренд: NEUTRAL, Сила: 0.50
2026-07-09 06:57:31,101 - src.logic.scenario_writer - INFO - Генерация сценариев для DOGEUSDT. Тренд: NEUTRAL, Сила: 0.50
2026-07-09 06:57:31,101 - src.logic.scenario_writer - INFO - Генерация сценариев для DOGEUSDT. Тренд: NEUTRAL, Сила: 0.50
2026-07-09 06:57:32,102 - src.logic.scenario_writer - INFO - Генерация сценариев для DOGEUSDT. Тренд: NEUTRAL, Сила: 0.50
2026-07-09 06:57:32,102 - src.logic.scenario_writer - INFO - Генерация сценариев для DOGEUSDT. Тренд: NEUTRAL, Сила: 0.50
2026-07-09 06:57:33,103 - src.logic.scenario_writer - INFO - Генерация сценариев для DOGEUSDT. Тренд: NEUTRAL, Сила: 0.50
2026-07-09 06:57:33,103 - src.logic.scenario_writer - INFO - Генерация сценариев для DOGEUSDT. Тренд: NEUTRAL, Сила: 0.50
2026-07-09 06:57:34,104 - src.logic.scenario_writer - INFO - Генерация сценариев для DOGEUSDT. Тренд: NEUTRAL, Сила: 0.50
2026-07-09 06:57:34,104 - src.logic.scenario_writer - INFO - Генерация сценариев для DOGEUSDT. Тренд: NEUTRAL, Сила: 0.50
2026-07-09 06:57:35,105 - src.logic.scenario_writer - INFO - Генерация сценариев для DOGEUSDT. Тренд: NEUTRAL, Сила: 0.50
2026-07-09 06:57:35,105 - src.logic.scenario_writer - INFO - Генерация сценариев для DOGEUSDT. Тренд: NEUTRAL, Сила: 0.50
2026-07-09 06:57:36,105 - src.logic.scenario_writer - INFO - Генерация сценариев для DOGEUSDT. Тренд: NEUTRAL, Сила: 0.50
2026-07-09 06:57:36,105 - src.logic.scenario_writer - INFO - Генерация сценариев для DOGEUSDT. Тренд: NEUTRAL, Сила: 0.50
2026-07-09 06:57:37,106 - src.logic.scenario_writer - INFO - Генерация сценариев для DOGEUSDT. Тренд: NEUTRAL, Сила: 0.50
2026-07-09 06:57:37,106 - src.logic.scenario_writer - INFO - Генерация сценариев для DOGEUSDT. Тренд: NEUTRAL, Сила: 0.50
2026-07-09 06:57:38,107 - src.logic.scenario_writer - INFO - Генерация сценариев для DOGEUSDT. Тренд: NEUTRAL, Сила: 0.50
2026-07-09 06:57:38,107 - src.logic.scenario_writer - INFO - Генерация сценариев для DOGEUSDT. Тренд: NEUTRAL, Сила: 0.50
2026-07-09 06:57:39,108 - src.logic.scenario_writer - INFO - Генерация сценариев для DOGEUSDT. Тренд: NEUTRAL, Сила: 0.50
2026-07-09 06:57:39,108 - src.logic.scenario_writer - INFO - Генерация сценариев для DOGEUSDT. Тренд: NEUTRAL, Сила: 0.50
2026-07-09 06:57:40,108 - src.logic.scenario_writer - INFO - Генерация сценариев для DOGEUSDT. Тренд: NEUTRAL, Сила: 0.50
2026-07-09 06:57:40,108 - src.logic.scenario_writer - INFO - Генерация сценариев для DOGEUSDT. Тренд: NEUTRAL, Сила: 0.50
2026-07-09 06:57:41,109 - src.logic.scenario_writer - INFO - Генерация сценариев для DOGEUSDT. Тренд: NEUTRAL, Сила: 0.50
2026-07-09 06:57:41,110 - src.logic.scenario_writer - INFO - Генерация сценариев для DOGEUSDT. Тренд: NEUTRAL, Сила: 0.50
2026-07-09 06:57:42,111 - src.logic.scenario_writer - INFO - Генерация сценариев для DOGEUSDT. Тренд: NEUTRAL, Сила: 0.50
2026-07-09 06:57:42,111 - src.logic.scenario_writer - INFO - Генерация сценариев для DOGEUSDT. Тренд: NEUTRAL, Сила: 0.50
2026-07-09 06:57:43,111 - src.logic.scenario_writer - INFO - Генерация сценариев для DOGEUSDT. Тренд: NEUTRAL, Сила: 0.50
2026-07-09 06:57:43,111 - src.logic.scenario_writer - INFO - Генерация сценариев для DOGEUSDT. Тренд: NEUTRAL, Сила: 0.50
2026-07-09 06:57:44,113 - src.logic.scenario_writer - INFO - Генерация сценариев для DOGEUSDT. Тренд: NEUTRAL, Сила: 0.50
2026-07-09 06:57:44,113 - src.logic.scenario_writer - INFO - Генерация сценариев для DOGEUSDT. Тренд: NEUTRAL, Сила: 0.50
2026-07-09 06:57:45,114 - src.logic.scenario_writer - INFO - Генерация сценариев для DOGEUSDT. Тренд: NEUTRAL, Сила: 0.50
2026-07-09 06:57:45,114 - src.logic.scenario_writer - INFO - Генерация сценариев для DOGEUSDT. Тренд: NEUTRAL, Сила: 0.50
2026-07-09 06:57:46,115 - src.logic.scenario_writer - INFO - Генерация сценариев для DOGEUSDT. Тренд: NEUTRAL, Сила: 0.50
2026-07-09 06:57:46,115 - src.logic.scenario_writer - INFO - Генерация сценариев для DOGEUSDT. Тренд: NEUTRAL, Сила: 0.50
2026-07-09 06:57:47,116 - src.logic.scenario_writer - INFO - Генерация сценариев для DOGEUSDT. Тренд: NEUTRAL, Сила: 0.50
2026-07-09 06:57:47,117 - src.logic.scenario_writer - INFO - Генерация сценариев для DOGEUSDT. Тренд: NEUTRAL, Сила: 0.50
2026-07-09 06:57:48,117 - src.logic.scenario_writer - INFO - Генерация сценариев для DOGEUSDT. Тренд: NEUTRAL, Сила: 0.50
2026-07-09 06:57:48,117 - src.logic.scenario_writer - INFO - Генерация сценариев для DOGEUSDT. Тренд: NEUTRAL, Сила: 0.50
2026-07-09 06:57:49,118 - src.logic.scenario_writer - INFO - Генерация сценариев для DOGEUSDT. Тренд: NEUTRAL, Сила: 0.50
2026-07-09 06:57:49,118 - src.logic.scenario_writer - INFO - Генерация сценариев для DOGEUSDT. Тренд: NEUTRAL, Сила: 0.50
2026-07-09 06:57:50,118 - src.logic.scenario_writer - INFO - Генерация сценариев для DOGEUSDT. Тренд: NEUTRAL, Сила: 0.50
2026-07-09 06:57:50,118 - src.logic.scenario_writer - INFO - Генерация сценариев для DOGEUSDT. Тренд: NEUTRAL, Сила: 0.50
2026-07-09 06:57:51,119 - src.logic.scenario_writer - INFO - Генерация сценариев для DOGEUSDT. Тренд: NEUTRAL, Сила: 0.50
2026-07-09 06:57:51,119 - src.logic.scenario_writer - INFO - Генерация сценариев для DOGEUSDT. Тренд: NEUTRAL, Сила: 0.50
2026-07-09 06:57:52,119 - src.logic.scenario_writer - INFO - Генерация сценариев для DOGEUSDT. Тренд: NEUTRAL, Сила: 0.50
2026-07-09 06:57:52,120 - src.logic.scenario_writer - INFO - Генерация сценариев для DOGEUSDT. Тренд: NEUTRAL, Сила: 0.50
2026-07-09 06:57:53,120 - src.logic.scenario_writer - INFO - Генерация сценариев для DOGEUSDT. Тренд: NEUTRAL, Сила: 0.50
2026-07-09 06:57:53,121 - src.logic.scenario_writer - INFO - Генерация сценариев для DOGEUSDT. Тренд: NEUTRAL, Сила: 0.50
2026-07-09 06:57:54,121 - src.logic.scenario_writer - INFO - Генерация сценариев для DOGEUSDT. Тренд: NEUTRAL, Сила: 0.50
2026-07-09 06:57:54,121 - src.logic.scenario_writer - INFO - Генерация сценариев для DOGEUSDT. Тренд: NEUTRAL, Сила: 0.50
2026-07-09 06:57:55,122 - src.logic.scenario_writer - INFO - Генерация сценариев для DOGEUSDT. Тренд: NEUTRAL, Сила: 0.50
2026-07-09 06:57:55,122 - src.logic.scenario_writer - INFO - Генерация сценариев для DOGEUSDT. Тренд: NEUTRAL, Сила: 0.50
2026-07-09 06:57:56,124 - src.logic.scenario_writer - INFO - Генерация сценариев для DOGEUSDT. Тренд: NEUTRAL, Сила: 0.50
2026-07-09 06:57:56,124 - src.logic.scenario_writer - INFO - Генерация сценариев для DOGEUSDT. Тренд: NEUTRAL, Сила: 0.50
2026-07-09 06:57:57,125 - src.logic.scenario_writer - INFO - Генерация сценариев для DOGEUSDT. Тренд: NEUTRAL, Сила: 0.50
2026-07-09 06:57:57,126 - src.logic.scenario_writer - INFO - Генерация сценариев для DOGEUSDT. Тренд: NEUTRAL, Сила: 0.50
2026-07-09 06:57:58,127 - src.logic.scenario_writer - INFO - Генерация сценариев для DOGEUSDT. Тренд: NEUTRAL, Сила: 0.50
2026-07-09 06:57:58,127 - src.logic.scenario_writer - INFO - Генерация сценариев для DOGEUSDT. Тренд: NEUTRAL, Сила: 0.50
2026-07-09 06:57:59,128 - src.logic.scenario_writer - INFO - Генерация сценариев для DOGEUSDT. Тренд: NEUTRAL, Сила: 0.50
2026-07-09 06:57:59,128 - src.logic.scenario_writer - INFO - Генерация сценариев для DOGEUSDT. Тренд: NEUTRAL, Сила: 0.50
2026-07-09 06:58:00,129 - src.logic.scenario_writer - INFO - Генерация сценариев для DOGEUSDT. Тренд: NEUTRAL, Сила: 0.50
2026-07-09 06:58:00,129 - src.logic.scenario_writer - INFO - Генерация сценариев для DOGEUSDT. Тренд: NEUTRAL, Сила: 0.50
2026-07-09 06:58:01,130 - src.logic.scenario_writer - INFO - Генерация сценариев для DOGEUSDT. Тренд: NEUTRAL, Сила: 0.50
2026-07-09 06:58:01,130 - src.logic.scenario_writer - INFO - Генерация сценариев для DOGEUSDT. Тренд: NEUTRAL, Сила: 0.50
2026-07-09 06:58:02,131 - src.logic.scenario_writer - INFO - Генерация сценариев для DOGEUSDT. Тренд: NEUTRAL, Сила: 0.50
2026-07-09 06:58:02,131 - src.logic.scenario_writer - INFO - Генерация сценариев для DOGEUSDT. Тренд: NEUTRAL, Сила: 0.50
2026-07-09 06:58:03,132 - src.logic.scenario_writer - INFO - Генерация сценариев для DOGEUSDT. Тренд: NEUTRAL, Сила: 0.50
2026-07-09 06:58:03,132 - src.logic.scenario_writer - INFO - Генерация сценариев для DOGEUSDT. Тренд: NEUTRAL, Сила: 0.50
2026-07-09 06:58:04,133 - src.logic.scenario_writer - INFO - Генерация сценариев для DOGEUSDT. Тренд: NEUTRAL, Сила: 0.50
2026-07-09 06:58:04,133 - src.logic.scenario_writer - INFO - Генерация сценариев для DOGEUSDT. Тренд: NEUTRAL, Сила: 0.50
2026-07-09 06:58:05,134 - src.logic.scenario_writer - INFO - Генерация сценариев для DOGEUSDT. Тренд: NEUTRAL, Сила: 0.50
2026-07-09 06:58:05,134 - src.logic.scenario_writer - INFO - Генерация сценариев для DOGEUSDT. Тренд: NEUTRAL, Сила: 0.50
2026-07-09 06:58:06,135 - src.logic.scenario_writer - INFO - Генерация сценариев для DOGEUSDT. Тренд: NEUTRAL, Сила: 0.50
2026-07-09 06:58:06,135 - src.logic.scenario_writer - INFO - Генерация сценариев для DOGEUSDT. Тренд: NEUTRAL, Сила: 0.50
2026-07-09 06:58:07,136 - src.logic.scenario_writer - INFO - Генерация сценариев для DOGEUSDT. Тренд: NEUTRAL, Сила: 0.50
2026-07-09 06:58:07,136 - src.logic.scenario_writer - INFO - Генерация сценариев для DOGEUSDT. Тренд: NEUTRAL, Сила: 0.50
2026-07-09 06:58:08,136 - src.logic.scenario_writer - INFO - Генерация сценариев для DOGEUSDT. Тренд: NEUTRAL, Сила: 0.50
2026-07-09 06:58:08,136 - src.logic.scenario_writer - INFO - Генерация сценариев для DOGEUSDT. Тренд: NEUTRAL, Сила: 0.50
2026-07-09 06:58:09,137 - src.logic.scenario_writer - INFO - Генерация сценариев для DOGEUSDT. Тренд: NEUTRAL, Сила: 0.50
2026-07-09 06:58:09,137 - src.logic.scenario_writer - INFO - Генерация сценариев для DOGEUSDT. Тренд: NEUTRAL, Сила: 0.50
2026-07-09 06:58:10,138 - src.logic.scenario_writer - INFO - Генерация сценариев для DOGEUSDT. Тренд: NEUTRAL, Сила: 0.50
2026-07-09 06:58:10,138 - src.logic.scenario_writer - INFO - Генерация сценариев для DOGEUSDT. Тренд: NEUTRAL, Сила: 0.50
2026-07-09 06:58:11,139 - src.logic.scenario_writer - INFO - Генерация сценариев для DOGEUSDT. Тренд: NEUTRAL, Сила: 0.50
2026-07-09 06:58:11,139 - src.logic.scenario_writer - INFO - Генерация сценариев для DOGEUSDT. Тренд: NEUTRAL, Сила: 0.50
2026-07-09 06:58:12,139 - src.logic.scenario_writer - INFO - Генерация сценариев для DOGEUSDT. Тренд: NEUTRAL, Сила: 0.50
2026-07-09 06:58:12,140 - src.logic.scenario_writer - INFO - Генерация сценариев для DOGEUSDT. Тренд: NEUTRAL, Сила: 0.50
2026-07-09 06:58:13,140 - src.logic.scenario_writer - INFO - Генерация сценариев для DOGEUSDT. Тренд: NEUTRAL, Сила: 0.50
2026-07-09 06:58:13,140 - src.logic.scenario_writer - INFO - Генерация сценариев для DOGEUSDT. Тренд: NEUTRAL, Сила: 0.50
2026-07-09 06:58:14,140 - src.logic.scenario_writer - INFO - Генерация сценариев для DOGEUSDT. Тренд: NEUTRAL, Сила: 0.50
2026-07-09 06:58:14,141 - src.logic.scenario_writer - INFO - Генерация сценариев для DOGEUSDT. Тренд: NEUTRAL, Сила: 0.50
2026-07-09 06:58:15,142 - src.logic.scenario_writer - INFO - Генерация сценариев для DOGEUSDT. Тренд: NEUTRAL, Сила: 0.50
2026-07-09 06:58:15,142 - src.logic.scenario_writer - INFO - Генерация сценариев для DOGEUSDT. Тренд: NEUTRAL, Сила: 0.50
2026-07-09 06:58:16,142 - src.logic.scenario_writer - INFO - Генерация сценариев для DOGEUSDT. Тренд: NEUTRAL, Сила: 0.50
2026-07-09 06:58:16,143 - src.logic.scenario_writer - INFO - Генерация сценариев для DOGEUSDT. Тренд: NEUTRAL, Сила: 0.50
2026-07-09 06:58:17,143 - src.logic.scenario_writer - INFO - Генерация сценариев для DOGEUSDT. Тренд: NEUTRAL, Сила: 0.50
2026-07-09 06:58:17,143 - src.logic.scenario_writer - INFO - Генерация сценариев для DOGEUSDT. Тренд: NEUTRAL, Сила: 0.50
2026-07-09 06:58:18,144 - src.logic.scenario_writer - INFO - Генерация сценариев для DOGEUSDT. Тренд: NEUTRAL, Сила: 0.50
2026-07-09 06:58:18,144 - src.logic.scenario_writer - INFO - Генерация сценариев для DOGEUSDT. Тренд: NEUTRAL, Сила: 0.50
2026-07-09 06:58:19,144 - src.logic.scenario_writer - INFO - Генерация сценариев для DOGEUSDT. Тренд: NEUTRAL, Сила: 0.50
2026-07-09 06:58:19,145 - src.logic.scenario_writer - INFO - Генерация сценариев для DOGEUSDT. Тренд: NEUTRAL, Сила: 0.50
2026-07-09 06:58:20,145 - src.logic.scenario_writer - INFO - Генерация сценариев для DOGEUSDT. Тренд: NEUTRAL, Сила: 0.50
2026-07-09 06:58:20,145 - src.logic.scenario_writer - INFO - Генерация сценариев для DOGEUSDT. Тренд: NEUTRAL, Сила: 0.50
2026-07-09 06:58:21,146 - src.logic.scenario_writer - INFO - Генерация сценариев для DOGEUSDT. Тренд: NEUTRAL, Сила: 0.50
2026-07-09 06:58:21,146 - src.logic.scenario_writer - INFO - Генерация сценариев для DOGEUSDT. Тренд: NEUTRAL, Сила: 0.50
2026-07-09 06:58:22,147 - src.logic.scenario_writer - INFO - Генерация сценариев для DOGEUSDT. Тренд: NEUTRAL, Сила: 0.50
2026-07-09 06:58:22,147 - src.logic.scenario_writer - INFO - Генерация сценариев для DOGEUSDT. Тренд: NEUTRAL, Сила: 0.50
2026-07-09 06:58:23,148 - src.logic.scenario_writer - INFO - Генерация сценариев для DOGEUSDT. Тренд: NEUTRAL, Сила: 0.50
2026-07-09 06:58:23,148 - src.logic.scenario_writer - INFO - Генерация сценариев для DOGEUSDT. Тренд: NEUTRAL, Сила: 0.50
2026-07-09 06:58:24,149 - src.logic.scenario_writer - INFO - Генерация сценариев для DOGEUSDT. Тренд: NEUTRAL, Сила: 0.50
2026-07-09 06:58:24,149 - src.logic.scenario_writer - INFO - Генерация сценариев для DOGEUSDT. Тренд: NEUTRAL, Сила: 0.50
2026-07-09 06:58:25,150 - src.logic.scenario_writer - INFO - Генерация сценариев для DOGEUSDT. Тренд: NEUTRAL, Сила: 0.50
2026-07-09 06:58:25,150 - src.logic.scenario_writer - INFO - Генерация сценариев для DOGEUSDT. Тренд: NEUTRAL, Сила: 0.50
2026-07-09 06:58:26,151 - src.logic.scenario_writer - INFO - Генерация сценариев для DOGEUSDT. Тренд: NEUTRAL, Сила: 0.50
2026-07-09 06:58:26,151 - src.logic.scenario_writer - INFO - Генерация сценариев для DOGEUSDT. Тренд: NEUTRAL, Сила: 0.50
2026-07-09 06:58:27,151 - src.logic.scenario_writer - INFO - Генерация сценариев для DOGEUSDT. Тренд: NEUTRAL, Сила: 0.50
2026-07-09 06:58:27,152 - src.logic.scenario_writer - INFO - Генерация сценариев для DOGEUSDT. Тренд: NEUTRAL, Сила: 0.50
2026-07-09 06:58:28,152 - src.logic.scenario_writer - INFO - Генерация сценариев для DOGEUSDT. Тренд: NEUTRAL, Сила: 0.50
2026-07-09 06:58:28,152 - src.logic.scenario_writer - INFO - Генерация сценариев для DOGEUSDT. Тренд: NEUTRAL, Сила: 0.50
2026-07-09 06:58:29,153 - src.logic.scenario_writer - INFO - Генерация сценариев для DOGEUSDT. Тренд: NEUTRAL, Сила: 0.50
2026-07-09 06:58:29,153 - src.logic.scenario_writer - INFO - Генерация сценариев для DOGEUSDT. Тренд: NEUTRAL, Сила: 0.50
2026-07-09 06:58:30,154 - src.logic.scenario_writer - INFO - Генерация сценариев для DOGEUSDT. Тренд: NEUTRAL, Сила: 0.50
2026-07-09 06:58:30,154 - src.logic.scenario_writer - INFO - Генерация сценариев для DOGEUSDT. Тренд: NEUTRAL, Сила: 0.50
2026-07-09 06:58:31,155 - src.logic.scenario_writer - INFO - Генерация сценариев для DOGEUSDT. Тренд: NEUTRAL, Сила: 0.50
2026-07-09 06:58:31,155 - src.logic.scenario_writer - INFO - Генерация сценариев для DOGEUSDT. Тренд: NEUTRAL, Сила: 0.50
2026-07-09 06:58:32,155 - src.logic.scenario_writer - INFO - Генерация сценариев для DOGEUSDT. Тренд: NEUTRAL, Сила: 0.50
2026-07-09 06:58:32,156 - src.logic.scenario_writer - INFO - Генерация сценариев для DOGEUSDT. Тренд: NEUTRAL, Сила: 0.50
2026-07-09 06:58:33,157 - src.logic.scenario_writer - INFO - Генерация сценариев для DOGEUSDT. Тренд: NEUTRAL, Сила: 0.50
2026-07-09 06:58:33,158 - src.logic.scenario_writer - INFO - Генерация сценариев для DOGEUSDT. Тренд: NEUTRAL, Сила: 0.50
2026-07-09 06:58:34,159 - src.logic.scenario_writer - INFO - Генерация сценариев для DOGEUSDT. Тренд: NEUTRAL, Сила: 0.50
2026-07-09 06:58:34,159 - src.logic.scenario_writer - INFO - Генерация сценариев для DOGEUSDT. Тренд: NEUTRAL, Сила: 0.50
2026-07-09 06:58:35,160 - src.logic.scenario_writer - INFO - Генерация сценариев для DOGEUSDT. Тренд: NEUTRAL, Сила: 0.50
2026-07-09 06:58:35,160 - src.logic.scenario_writer - INFO - Генерация сценариев для DOGEUSDT. Тренд: NEUTRAL, Сила: 0.50
2026-07-09 06:58:36,161 - src.logic.scenario_writer - INFO - Генерация сценариев для DOGEUSDT. Тренд: NEUTRAL, Сила: 0.50
2026-07-09 06:58:36,161 - src.logic.scenario_writer - INFO - Генерация сценариев для DOGEUSDT. Тренд: NEUTRAL, Сила: 0.50
2026-07-09 06:58:37,161 - src.logic.scenario_writer - INFO - Генерация сценариев для DOGEUSDT. Тренд: NEUTRAL, Сила: 0.50
2026-07-09 06:58:37,161 - src.logic.scenario_writer - INFO - Генерация сценариев для DOGEUSDT. Тренд: NEUTRAL, Сила: 0.50
2026-07-09 06:58:38,162 - src.logic.scenario_writer - INFO - Генерация сценариев для DOGEUSDT. Тренд: NEUTRAL, Сила: 0.50
2026-07-09 06:58:38,162 - src.logic.scenario_writer - INFO - Генерация сценариев для DOGEUSDT. Тренд: NEUTRAL, Сила: 0.50
2026-07-09 06:58:39,162 - src.logic.scenario_writer - INFO - Генерация сценариев для DOGEUSDT. Тренд: NEUTRAL, Сила: 0.50
2026-07-09 06:58:39,163 - src.logic.scenario_writer - INFO - Генерация сценариев для DOGEUSDT. Тренд: NEUTRAL, Сила: 0.50
2026-07-09 06:58:40,163 - src.logic.scenario_writer - INFO - Генерация сценариев для DOGEUSDT. Тренд: NEUTRAL, Сила: 0.50
2026-07-09 06:58:40,164 - src.logic.scenario_writer - INFO - Генерация сценариев для DOGEUSDT. Тренд: NEUTRAL, Сила: 0.50
2026-07-09 06:58:41,164 - src.logic.scenario_writer - INFO - Генерация сценариев для DOGEUSDT. Тренд: NEUTRAL, Сила: 0.50
2026-07-09 06:58:41,165 - src.logic.scenario_writer - INFO - Генерация сценариев для DOGEUSDT. Тренд: NEUTRAL, Сила: 0.50
2026-07-09 06:58:42,166 - src.logic.scenario_writer - INFO - Генерация сценариев для DOGEUSDT. Тренд: NEUTRAL, Сила: 0.50
2026-07-09 06:58:42,166 - src.logic.scenario_writer - INFO - Генерация сценариев для DOGEUSDT. Тренд: NEUTRAL, Сила: 0.50
2026-07-09 06:58:43,167 - src.logic.scenario_writer - INFO - Генерация сценариев для DOGEUSDT. Тренд: NEUTRAL, Сила: 0.50
2026-07-09 06:58:43,167 - src.logic.scenario_writer - INFO - Генерация сценариев для DOGEUSDT. Тренд: NEUTRAL, Сила: 0.50
2026-07-09 06:58:44,167 - src.logic.scenario_writer - INFO - Генерация сценариев для DOGEUSDT. Тренд: NEUTRAL, Сила: 0.50
2026-07-09 06:58:44,167 - src.logic.scenario_writer - INFO - Генерация сценариев для DOGEUSDT. Тренд: NEUTRAL, Сила: 0.50
2026-07-09 06:58:45,169 - src.logic.scenario_writer - INFO - Генерация сценариев для DOGEUSDT. Тренд: NEUTRAL, Сила: 0.50
2026-07-09 06:58:45,169 - src.logic.scenario_writer - INFO - Генерация сценариев для DOGEUSDT. Тренд: NEUTRAL, Сила: 0.50
2026-07-09 06:58:46,170 - src.logic.scenario_writer - INFO - Генерация сценариев для DOGEUSDT. Тренд: NEUTRAL, Сила: 0.50
2026-07-09 06:58:46,170 - src.logic.scenario_writer - INFO - Генерация сценариев для DOGEUSDT. Тренд: NEUTRAL, Сила: 0.50
2026-07-09 06:58:47,170 - src.logic.scenario_writer - INFO - Генерация сценариев для DOGEUSDT. Тренд: NEUTRAL, Сила: 0.50
2026-07-09 06:58:47,171 - src.logic.scenario_writer - INFO - Генерация сценариев для DOGEUSDT. Тренд: NEUTRAL, Сила: 0.50
2026-07-09 06:58:48,171 - src.logic.scenario_writer - INFO - Генерация сценариев для DOGEUSDT. Тренд: NEUTRAL, Сила: 0.50
2026-07-09 06:58:48,172 - src.logic.scenario_writer - INFO - Генерация сценариев для DOGEUSDT. Тренд: NEUTRAL, Сила: 0.50
2026-07-09 06:58:49,172 - src.logic.scenario_writer - INFO - Генерация сценариев для DOGEUSDT. Тренд: NEUTRAL, Сила: 0.50
2026-07-09 06:58:49,172 - src.logic.scenario_writer - INFO - Генерация сценариев для DOGEUSDT. Тренд: NEUTRAL, Сила: 0.50
2026-07-09 06:58:50,173 - src.logic.scenario_writer - INFO - Генерация сценариев для DOGEUSDT. Тренд: NEUTRAL, Сила: 0.50
2026-07-09 06:58:50,173 - src.logic.scenario_writer - INFO - Генерация сценариев для DOGEUSDT. Тренд: NEUTRAL, Сила: 0.50
2026-07-09 06:58:51,174 - src.logic.scenario_writer - INFO - Генерация сценариев для DOGEUSDT. Тренд: NEUTRAL, Сила: 0.50
2026-07-09 06:58:51,174 - src.logic.scenario_writer - INFO - Генерация сценариев для DOGEUSDT. Тренд: NEUTRAL, Сила: 0.50
2026-07-09 06:58:52,175 - src.logic.scenario_writer - INFO - Генерация сценариев для DOGEUSDT. Тренд: NEUTRAL, Сила: 0.50
2026-07-09 06:58:52,175 - src.logic.scenario_writer - INFO - Генерация сценариев для DOGEUSDT. Тренд: NEUTRAL, Сила: 0.50
2026-07-09 06:58:53,175 - src.logic.scenario_writer - INFO - Генерация сценариев для DOGEUSDT. Тренд: NEUTRAL, Сила: 0.50
2026-07-09 06:58:53,175 - src.logic.scenario_writer - INFO - Генерация сценариев для DOGEUSDT. Тренд: NEUTRAL, Сила: 0.50
2026-07-09 06:58:54,175 - src.logic.scenario_writer - INFO - Генерация сценариев для DOGEUSDT. Тренд: NEUTRAL, Сила: 0.50
2026-07-09 06:58:54,175 - src.logic.scenario_writer - INFO - Генерация сценариев для DOGEUSDT. Тренд: NEUTRAL, Сила: 0.50
2026-07-09 06:58:55,176 - src.logic.scenario_writer - INFO - Генерация сценариев для DOGEUSDT. Тренд: NEUTRAL, Сила: 0.50
2026-07-09 06:58:55,176 - src.logic.scenario_writer - INFO - Генерация сценариев для DOGEUSDT. Тренд: NEUTRAL, Сила: 0.50
2026-07-09 06:58:56,177 - src.logic.scenario_writer - INFO - Генерация сценариев для DOGEUSDT. Тренд: NEUTRAL, Сила: 0.50
2026-07-09 06:58:56,177 - src.logic.scenario_writer - INFO - Генерация сценариев для DOGEUSDT. Тренд: NEUTRAL, Сила: 0.50
2026-07-09 06:58:57,178 - src.logic.scenario_writer - INFO - Генерация сценариев для DOGEUSDT. Тренд: NEUTRAL, Сила: 0.50
2026-07-09 06:58:57,178 - src.logic.scenario_writer - INFO - Генерация сценариев для DOGEUSDT. Тренд: NEUTRAL, Сила: 0.50
2026-07-09 06:58:58,178 - src.logic.scenario_writer - INFO - Генерация сценариев для DOGEUSDT. Тренд: NEUTRAL, Сила: 0.50
2026-07-09 06:58:58,179 - src.logic.scenario_writer - INFO - Генерация сценариев для DOGEUSDT. Тренд: NEUTRAL, Сила: 0.50
2026-07-09 06:58:59,179 - src.logic.scenario_writer - INFO - Генерация сценариев для DOGEUSDT. Тренд: NEUTRAL, Сила: 0.50
2026-07-09 06:58:59,180 - src.logic.scenario_writer - INFO - Генерация сценариев для DOGEUSDT. Тренд: NEUTRAL, Сила: 0.50
2026-07-09 06:59:00,180 - src.logic.scenario_writer - INFO - Генерация сценариев для DOGEUSDT. Тренд: NEUTRAL, Сила: 0.50
2026-07-09 06:59:00,180 - src.logic.scenario_writer - INFO - Генерация сценариев для DOGEUSDT. Тренд: NEUTRAL, Сила: 0.50
2026-07-09 06:59:01,181 - src.logic.scenario_writer - INFO - Генерация сценариев для DOGEUSDT. Тренд: NEUTRAL, Сила: 0.50
2026-07-09 06:59:01,181 - src.logic.scenario_writer - INFO - Генерация сценариев для DOGEUSDT. Тренд: NEUTRAL, Сила: 0.50
2026-07-09 06:59:02,182 - src.logic.scenario_writer - INFO - Генерация сценариев для DOGEUSDT. Тренд: NEUTRAL, Сила: 0.50
2026-07-09 06:59:02,182 - src.logic.scenario_writer - INFO - Генерация сценариев для DOGEUSDT. Тренд: NEUTRAL, Сила: 0.50
2026-07-09 06:59:03,182 - src.logic.scenario_writer - INFO - Генерация сценариев для DOGEUSDT. Тренд: NEUTRAL, Сила: 0.50
2026-07-09 06:59:03,182 - src.logic.scenario_writer - INFO - Генерация сценариев для DOGEUSDT. Тренд: NEUTRAL, Сила: 0.50
2026-07-09 06:59:04,183 - src.logic.scenario_writer - INFO - Генерация сценариев для DOGEUSDT. Тренд: NEUTRAL, Сила: 0.50
2026-07-09 06:59:04,183 - src.logic.scenario_writer - INFO - Генерация сценариев для DOGEUSDT. Тренд: NEUTRAL, Сила: 0.50
2026-07-09 06:59:05,183 - src.logic.scenario_writer - INFO - Генерация сценариев для DOGEUSDT. Тренд: NEUTRAL, Сила: 0.50
2026-07-09 06:59:05,183 - src.logic.scenario_writer - INFO - Генерация сценариев для DOGEUSDT. Тренд: NEUTRAL, Сила: 0.50
2026-07-09 06:59:06,184 - src.logic.scenario_writer - INFO - Генерация сценариев для DOGEUSDT. Тренд: NEUTRAL, Сила: 0.50
2026-07-09 06:59:06,185 - src.logic.scenario_writer - INFO - Генерация сценариев для DOGEUSDT. Тренд: NEUTRAL, Сила: 0.50
